{ level: 'error',
  message: 'sss is not defined',
  error:
   ReferenceError: sss is not defined
       at router.get (/media/madrio/media/Code/Node/Mosh Hamedani/node-design-pattern/routes/genres.js:9:34)
       at newFn (/media/madrio/media/Code/Node/Mosh Hamedani/node-design-pattern/node_modules/express-async-errors/index.js:16:20)
       at Layer.handle [as handle_request] (/media/madrio/media/Code/Node/Mosh Hamedani/node-design-pattern/node_modules/express/lib/router/layer.js:95:5)
       at next (/media/madrio/media/Code/Node/Mosh Hamedani/node-design-pattern/node_modules/express/lib/router/route.js:137:13)
       at Route.dispatch (/media/madrio/media/Code/Node/Mosh Hamedani/node-design-pattern/node_modules/express/lib/router/route.js:112:3)
       at newFn (/media/madrio/media/Code/Node/Mosh Hamedani/node-design-pattern/node_modules/express-async-errors/index.js:16:20)
       at Layer.handle [as handle_request] (/media/madrio/media/Code/Node/Mosh Hamedani/node-design-pattern/node_modules/express/lib/router/layer.js:95:5)
       at /media/madrio/media/Code/Node/Mosh Hamedani/node-design-pattern/node_modules/express/lib/router/index.js:281:22
       at Function.process_params (/media/madrio/media/Code/Node/Mosh Hamedani/node-design-pattern/node_modules/express/lib/router/index.js:335:12)
       at next (/media/madrio/media/Code/Node/Mosh Hamedani/node-design-pattern/node_modules/express/lib/router/index.js:275:10)
       at Function.handle (/media/madrio/media/Code/Node/Mosh Hamedani/node-design-pattern/node_modules/express/lib/router/index.js:174:3)
       at router (/media/madrio/media/Code/Node/Mosh Hamedani/node-design-pattern/node_modules/express/lib/router/index.js:47:12)
       at newFn (/media/madrio/media/Code/Node/Mosh Hamedani/node-design-pattern/node_modules/express-async-errors/index.js:16:20)
       at Layer.handle [as handle_request] (/media/madrio/media/Code/Node/Mosh Hamedani/node-design-pattern/node_modules/express/lib/router/layer.js:95:5)
       at trim_prefix (/media/madrio/media/Code/Node/Mosh Hamedani/node-design-pattern/node_modules/express/lib/router/index.js:317:13)
       at /media/madrio/media/Code/Node/Mosh Hamedani/node-design-pattern/node_modules/express/lib/router/index.js:284:7
       at Function.process_params (/media/madrio/media/Code/Node/Mosh Hamedani/node-design-pattern/node_modules/express/lib/router/index.js:335:12)
       at next (/media/madrio/media/Code/Node/Mosh Hamedani/node-design-pattern/node_modules/express/lib/router/index.js:275:10)
       at jsonParser (/media/madrio/media/Code/Node/Mosh Hamedani/node-design-pattern/node_modules/body-parser/lib/types/json.js:110:7)
       at newFn (/media/madrio/media/Code/Node/Mosh Hamedani/node-design-pattern/node_modules/express-async-errors/index.js:16:20)
       at Layer.handle [as handle_request] (/media/madrio/media/Code/Node/Mosh Hamedani/node-design-pattern/node_modules/express/lib/router/layer.js:95:5)
       at trim_prefix (/media/madrio/media/Code/Node/Mosh Hamedani/node-design-pattern/node_modules/express/lib/router/index.js:317:13),
  timestamp: '2019-03-08T19:44:09.955Z' }
